cl : command line  warning D9035: option 'Gm' has been deprecated and will be removed in a future release
  main.c
D:\Fall_22\ECE 6310 Intro to CV\Final Project\FinalProject\main.c(130,19): warning C4244: '+=': conversion from 'double' to 'float', possible loss of data
D:\Fall_22\ECE 6310 Intro to CV\Final Project\FinalProject\main.c(132,19): warning C4244: '+=': conversion from 'double' to 'float', possible loss of data
D:\Fall_22\ECE 6310 Intro to CV\Final Project\FinalProject\main.c(142,14): warning C4244: '=': conversion from 'double' to 'int', possible loss of data
D:\Fall_22\ECE 6310 Intro to CV\Final Project\FinalProject\main.c(149,14): warning C4244: '=': conversion from 'double' to 'int', possible loss of data
D:\Fall_22\ECE 6310 Intro to CV\Final Project\FinalProject\main.c(166,40): warning C4244: '=': conversion from 'float' to 'int', possible loss of data
D:\Fall_22\ECE 6310 Intro to CV\Final Project\FinalProject\main.c(167,40): warning C4244: '=': conversion from 'float' to 'int', possible loss of data
D:\Fall_22\ECE 6310 Intro to CV\Final Project\FinalProject\main.c(175,42): warning C4244: '=': conversion from 'float' to 'int', possible loss of data
D:\Fall_22\ECE 6310 Intro to CV\Final Project\FinalProject\main.c(176,42): warning C4244: '=': conversion from 'float' to 'int', possible loss of data
D:\Fall_22\ECE 6310 Intro to CV\Final Project\FinalProject\main.c(184,42): warning C4244: '=': conversion from 'float' to 'int', possible loss of data
D:\Fall_22\ECE 6310 Intro to CV\Final Project\FinalProject\main.c(185,42): warning C4244: '=': conversion from 'float' to 'int', possible loss of data
D:\Fall_22\ECE 6310 Intro to CV\Final Project\FinalProject\main.c(92,6): warning C4101: 'w1': unreferenced local variable
D:\Fall_22\ECE 6310 Intro to CV\Final Project\FinalProject\main.c(92,14): warning C4101: 'w3': unreferenced local variable
D:\Fall_22\ECE 6310 Intro to CV\Final Project\FinalProject\main.c(90,25): warning C4101: 'max': unreferenced local variable
D:\Fall_22\ECE 6310 Intro to CV\Final Project\FinalProject\main.c(86,16): warning C4101: 'k': unreferenced local variable
D:\Fall_22\ECE 6310 Intro to CV\Final Project\FinalProject\main.c(92,10): warning C4101: 'w2': unreferenced local variable
D:\Fall_22\ECE 6310 Intro to CV\Final Project\FinalProject\main.c(288,18): warning C4244: '+=': conversion from 'double' to 'float', possible loss of data
D:\Fall_22\ECE 6310 Intro to CV\Final Project\FinalProject\main.c(292,18): warning C4244: '+=': conversion from 'double' to 'float', possible loss of data
D:\Fall_22\ECE 6310 Intro to CV\Final Project\FinalProject\main.c(303,14): warning C4244: '=': conversion from 'double' to 'int', possible loss of data
D:\Fall_22\ECE 6310 Intro to CV\Final Project\FinalProject\main.c(310,14): warning C4244: '=': conversion from 'double' to 'int', possible loss of data
D:\Fall_22\ECE 6310 Intro to CV\Final Project\FinalProject\main.c(327,40): warning C4244: '=': conversion from 'float' to 'int', possible loss of data
D:\Fall_22\ECE 6310 Intro to CV\Final Project\FinalProject\main.c(328,40): warning C4244: '=': conversion from 'float' to 'int', possible loss of data
D:\Fall_22\ECE 6310 Intro to CV\Final Project\FinalProject\main.c(336,42): warning C4244: '=': conversion from 'float' to 'int', possible loss of data
D:\Fall_22\ECE 6310 Intro to CV\Final Project\FinalProject\main.c(337,42): warning C4244: '=': conversion from 'float' to 'int', possible loss of data
D:\Fall_22\ECE 6310 Intro to CV\Final Project\FinalProject\main.c(345,42): warning C4244: '=': conversion from 'float' to 'int', possible loss of data
D:\Fall_22\ECE 6310 Intro to CV\Final Project\FinalProject\main.c(346,42): warning C4244: '=': conversion from 'float' to 'int', possible loss of data
D:\Fall_22\ECE 6310 Intro to CV\Final Project\FinalProject\main.c(246,27): warning C4101: 'max': unreferenced local variable
D:\Fall_22\ECE 6310 Intro to CV\Final Project\FinalProject\main.c(242,18): warning C4101: 'k': unreferenced local variable
D:\Fall_22\ECE 6310 Intro to CV\Final Project\FinalProject\main.c(451,18): warning C4244: '+=': conversion from 'double' to 'float', possible loss of data
D:\Fall_22\ECE 6310 Intro to CV\Final Project\FinalProject\main.c(455,18): warning C4244: '+=': conversion from 'double' to 'float', possible loss of data
D:\Fall_22\ECE 6310 Intro to CV\Final Project\FinalProject\main.c(466,14): warning C4244: '=': conversion from 'double' to 'int', possible loss of data
D:\Fall_22\ECE 6310 Intro to CV\Final Project\FinalProject\main.c(473,14): warning C4244: '=': conversion from 'double' to 'int', possible loss of data
D:\Fall_22\ECE 6310 Intro to CV\Final Project\FinalProject\main.c(490,40): warning C4244: '=': conversion from 'float' to 'int', possible loss of data
D:\Fall_22\ECE 6310 Intro to CV\Final Project\FinalProject\main.c(491,40): warning C4244: '=': conversion from 'float' to 'int', possible loss of data
D:\Fall_22\ECE 6310 Intro to CV\Final Project\FinalProject\main.c(499,42): warning C4244: '=': conversion from 'float' to 'int', possible loss of data
D:\Fall_22\ECE 6310 Intro to CV\Final Project\FinalProject\main.c(500,42): warning C4244: '=': conversion from 'float' to 'int', possible loss of data
D:\Fall_22\ECE 6310 Intro to CV\Final Project\FinalProject\main.c(508,42): warning C4244: '=': conversion from 'float' to 'int', possible loss of data
D:\Fall_22\ECE 6310 Intro to CV\Final Project\FinalProject\main.c(509,42): warning C4244: '=': conversion from 'float' to 'int', possible loss of data
D:\Fall_22\ECE 6310 Intro to CV\Final Project\FinalProject\main.c(407,27): warning C4101: 'max': unreferenced local variable
D:\Fall_22\ECE 6310 Intro to CV\Final Project\FinalProject\main.c(403,18): warning C4101: 'k': unreferenced local variable
D:\Fall_22\ECE 6310 Intro to CV\Final Project\FinalProject\main.c(596,31): warning C4244: '=': conversion from 'double' to 'float', possible loss of data
D:\Fall_22\ECE 6310 Intro to CV\Final Project\FinalProject\main.c(613,35): warning C4244: '=': conversion from 'float' to 'unsigned char', possible loss of data
D:\Fall_22\ECE 6310 Intro to CV\Final Project\FinalProject\main.c(619,29): warning C4244: '=': conversion from 'float' to 'unsigned char', possible loss of data
D:\Fall_22\ECE 6310 Intro to CV\Final Project\FinalProject\main.c(843,25): warning C4113: 'void (__cdecl *)()' differs in parameter lists from '_beginthread_proc_type'
D:\Fall_22\ECE 6310 Intro to CV\Final Project\FinalProject\main.c(870,28): warning C4113: 'void (__cdecl *)()' differs in parameter lists from '_beginthread_proc_type'
D:\Fall_22\ECE 6310 Intro to CV\Final Project\FinalProject\main.c(891,29): warning C4244: '=': conversion from 'double' to 'int', possible loss of data
D:\Fall_22\ECE 6310 Intro to CV\Final Project\FinalProject\main.c(892,29): warning C4244: '=': conversion from 'double' to 'int', possible loss of data
D:\Fall_22\ECE 6310 Intro to CV\Final Project\FinalProject\main.c(894,25): warning C4244: 'function': conversion from 'double' to 'int', possible loss of data
D:\Fall_22\ECE 6310 Intro to CV\Final Project\FinalProject\main.c(894,45): warning C4244: 'function': conversion from 'double' to 'int', possible loss of data
D:\Fall_22\ECE 6310 Intro to CV\Final Project\FinalProject\main.c(925,24): warning C4113: 'void (__cdecl *)()' differs in parameter lists from '_beginthread_proc_type'
D:\Fall_22\ECE 6310 Intro to CV\Final Project\FinalProject\main.c(694,21): warning C4101: 'text': unreferenced local variable
D:\Fall_22\ECE 6310 Intro to CV\Final Project\FinalProject\main.c(809,12): warning C4101: 'b': unreferenced local variable
D:\Fall_22\ECE 6310 Intro to CV\Final Project\FinalProject\main.c(809,15): warning C4101: 'c': unreferenced local variable
  plus.vcxproj -> D:\Fall_22\ECE 6310 Intro to CV\Final Project\FinalProject\Debug\plus.exe
